#
# A fatal error has been detected by the Java Runtime Environment:
#
#  EXCEPTION_ACCESS_VIOLATION (0xc0000005) at pc=0x00007ff93c8592c2, pid=23108, tid=18736
#
# JRE version: Java(TM) SE Runtime Environment (21.0.2+13) (build 21.0.2+13-LTS-58)
# Java VM: Java HotSpot(TM) 64-Bit Server VM (21.0.2+13-LTS-58, mixed mode, sharing, tiered, compressed oops, compressed class ptrs, g1 gc, windows-amd64)
# Problematic frame:
# C  [ntdll.dll+0x692c2]
#
# No core dump will be written. Minidumps are not enabled by default on client versions of Windows
#
# If you would like to submit a bug report, please visit:
#   https://bugreport.java.com/bugreport/crash.jsp
#

---------------  S U M M A R Y ------------

Command Line: -XX:MaxMetaspaceSize=512m --add-opens=java.base/java.util=ALL-UNNAMED --add-opens=java.base/java.lang=ALL-UNNAMED --add-opens=java.base/java.lang.invoke=ALL-UNNAMED --add-opens=java.prefs/java.util.prefs=ALL-UNNAMED --add-opens=java.base/java.nio.charset=ALL-UNNAMED --add-opens=java.base/java.net=ALL-UNNAMED --add-opens=java.base/java.util.concurrent.atomic=ALL-UNNAMED -Xmx2048m -Dfile.encoding=UTF-8 -Duser.country=BR -Duser.language=pt -Duser.variant -javaagent:C:\Users\cezaralves\.gradle\wrapper\dists\gradle-8.3-all\6en3ugtfdg5xnpx44z4qbwgas\gradle-8.3\lib\agents\gradle-instrumentation-agent-8.3.jar org.gradle.launcher.daemon.bootstrap.GradleDaemon 8.3

Host: 12th Gen Intel(R) Core(TM) i7-12700H, 20 cores, 15G,  Windows 11 , 64 bit Build 22621 (10.0.22621.2428)
Time: Sun Mar 24 11:54:29 2024 Hora Padrão Brasil Central elapsed time: 27.312584 seconds (0d 0h 0m 27s)

---------------  T H R E A D  ---------------

Current thread (0x0000027169da9890):  JavaThread "C1 CompilerThread2" daemon [_thread_blocked, id=18736, stack(0x000000c47de00000,0x000000c47df00000) (1024K)]

Stack: [0x000000c47de00000,0x000000c47df00000],  sp=0x000000c47deff358,  free space=1020k
Native frames: (J=compiled Java code, j=interpreted, Vv=VM code, C=native code)
C  [ntdll.dll+0x692c2]


siginfo: EXCEPTION_ACCESS_VIOLATION (0xc0000005), writing address 0x000000c4733ff2d0


Registers:
RAX=0x000000c47deff388, RBX=0x000000c4733ff2c0, RCX=0x000000c47deff380, RDX=0x000000c47deff380
RSP=0x000000c47deff358, RBP=0x000000c47deff3b0, RSI=0x000000c47deff388, RDI=0x0000000000000000
R8 =0x000000c4733ff2c0, R9 =0x00007ff8813ab918, R10=0x00007ff8813ab918, R11=0x000002716176f3c8
R12=0x000000c47deff428, R13=0x0000027168056970, R14=0x00007ff8813ab918, R15=0x00007ff8813ab8f0
RIP=0x00007ff93c8592c2, EFLAGS=0x0000000000010246


Register to memory mapping:

RAX=0x000000c47deff388 is pointing into the stack for thread: 0x0000027169da9890
RBX=0x000000c4733ff2c0 is pointing into the stack for thread: 0x0000027145be8a30
RCX=0x000000c47deff380 is pointing into the stack for thread: 0x0000027169da9890
RDX=0x000000c47deff380 is pointing into the stack for thread: 0x0000027169da9890
RSP=0x000000c47deff358 is pointing into the stack for thread: 0x0000027169da9890
RBP=0x000000c47deff3b0 is pointing into the stack for thread: 0x0000027169da9890
RSI=0x000000c47deff388 is pointing into the stack for thread: 0x0000027169da9890
RDI=0x0 is null
R8 =0x000000c4733ff2c0 is pointing into the stack for thread: 0x0000027145be8a30
R9 =0x00007ff8813ab918 jvm.dll